INFO:root:Seed gesetzt
INFO:root:Seed gesetzt
INFO:root:Seed gesetzt
INFO:root:Seed gesetzt
INFO:root:Seed gesetzt
INFO:root:Seed gesetzt
INFO:root:Seed gesetzt
INFO:root:Seed gesetzt
INFO:root:Seed gesetzt
2025-05-30 13:46:17,935 - __main__ - INFO - Using device: cuda
2025-05-30 13:52:52,473 - __main__ - INFO - Using device: cuda
2025-05-30 13:54:40,597 - __main__ - INFO - Using device: cuda
2025-05-30 13:54:41,681 - __main__ - INFO - Model created with 20 classes
2025-05-30 13:56:30,359 - __main__ - INFO - Using device: cuda
2025-05-30 13:56:31,382 - __main__ - INFO - Model created with 20 classes
2025-05-30 13:56:31,383 - __main__ - INFO - Starting training...
2025-05-30 14:03:50,419 - __main__ - INFO - Training completed!
2025-05-30 14:24:34,384 - __main__ - INFO - Using device: cuda
2025-05-30 14:24:35,385 - __main__ - INFO - Train Dataset: 2939 images
2025-05-30 14:24:35,386 - __main__ - INFO - Val Dataset: 735 images
2025-05-30 14:24:35,386 - __main__ - INFO - Number of classes: 20
2025-05-30 14:24:35,626 - __main__ - INFO - Model created with 20 classes
2025-05-30 14:24:35,627 - __main__ - INFO - Starting training...
2025-05-30 14:24:35,627 - __main__ - INFO - ==================== Epoch 1/10 ====================
2025-05-30 14:29:39,786 - __main__ - INFO - Using device: cuda
2025-05-30 14:29:40,615 - __main__ - INFO - [STRATIFIED] Split completed
2025-05-30 14:29:40,615 - __main__ - INFO - Train Dataset: 2939 images
2025-05-30 14:29:40,616 - __main__ - INFO - Val Dataset: 735 images
2025-05-30 14:29:40,616 - __main__ - INFO - Number of classes: 20
2025-05-30 14:29:40,763 - __main__ - INFO - Model created with 20 classes
2025-05-30 14:29:40,764 - __main__ - INFO - Starting training...
2025-05-30 14:29:40,765 - __main__ - INFO - ==================== Epoch 1/10 ====================
2025-05-30 14:30:49,892 - __main__ - INFO - Train: Loss: 1.8800, Acc: 0.4522, F1: 0.4394
2025-05-30 14:30:49,892 - __main__ - INFO - Val: Loss: 1.0854, Acc: 0.6857, F1: 0.6790
2025-05-30 14:30:49,893 - __main__ - INFO - LR: 0.000100, Time: 69.13s
2025-05-30 14:30:49,893 - __main__ - INFO - ==================== Epoch 2/10 ====================
2025-05-30 14:33:04,071 - __main__ - INFO - Using device: cuda
2025-05-30 14:33:05,106 - __main__ - INFO - [STRATIFIED] Split completed
2025-05-30 14:33:05,107 - __main__ - INFO - Train Dataset: 2939 images
2025-05-30 14:33:05,107 - __main__ - INFO - Val Dataset: 735 images
2025-05-30 14:33:05,107 - __main__ - INFO - Number of classes: 20
2025-05-30 14:33:05,293 - __main__ - INFO - Model created with 20 classes
2025-05-30 14:33:05,294 - __main__ - INFO - Starting training...
2025-05-30 14:33:05,295 - __main__ - INFO - ==================== Epoch 1/10 ====================
2025-05-30 14:33:38,628 - __main__ - INFO - Using device: cuda
2025-05-30 14:33:39,607 - __main__ - INFO - [STRATIFIED] Split completed
2025-05-30 14:33:39,608 - __main__ - INFO - Train Dataset: 2939 images
2025-05-30 14:33:39,608 - __main__ - INFO - Val Dataset: 735 images
2025-05-30 14:33:39,608 - __main__ - INFO - Number of classes: 20
2025-05-30 14:33:39,857 - __main__ - INFO - Model created with 20 classes
2025-05-30 14:33:39,857 - __main__ - INFO - Starting training...
2025-05-30 14:33:39,857 - __main__ - INFO - ==================== Epoch 1/10 ====================
2025-05-30 14:37:35,337 - __main__ - INFO - Using device: cuda
2025-05-30 14:37:36,432 - __main__ - INFO - [STRATIFIED] Split completed
2025-05-30 14:37:36,433 - __main__ - INFO - Train Dataset: 2939 images
2025-05-30 14:37:36,433 - __main__ - INFO - Val Dataset: 735 images
2025-05-30 14:37:36,433 - __main__ - INFO - Number of classes: 20
2025-05-30 14:37:36,615 - __main__ - INFO - Model created with 20 classes
2025-05-30 14:37:36,615 - __main__ - INFO - Starting training...
2025-05-30 14:37:36,615 - __main__ - INFO - ==================== Epoch 1/10 ====================
2025-05-30 14:40:13,876 - __main__ - INFO - Using device: cuda
2025-05-30 14:40:14,819 - __main__ - INFO - [STRATIFIED] Split completed
2025-05-30 14:40:14,819 - __main__ - INFO - Train Dataset: 2939 images
2025-05-30 14:40:14,819 - __main__ - INFO - Val Dataset: 735 images
2025-05-30 14:40:14,819 - __main__ - INFO - Number of classes: 20
2025-05-30 14:40:15,051 - __main__ - INFO - Model created with 20 classes
2025-05-30 14:40:15,051 - __main__ - INFO - Starting training...
2025-05-30 15:04:11,121 - __main__ - INFO - Using device: cuda
2025-05-30 15:04:12,111 - __main__ - INFO - [STRATIFIED] Split completed
2025-05-30 15:04:12,111 - __main__ - INFO - Train Dataset: 2939 images
2025-05-30 15:04:12,111 - __main__ - INFO - Val Dataset: 735 images
2025-05-30 15:04:12,112 - __main__ - INFO - Number of classes: 20
2025-05-30 15:04:12,364 - __main__ - INFO - Model created with 20 classes
2025-05-30 15:04:12,364 - __main__ - INFO - Starting training...
2025-05-30 15:09:27,031 - __main__ - INFO - Using device: cuda
2025-05-30 15:09:28,027 - __main__ - INFO - [STRATIFIED] Split completed
2025-05-30 15:09:28,027 - __main__ - INFO - Train Dataset: 2939 images
2025-05-30 15:09:28,027 - __main__ - INFO - Val Dataset: 735 images
2025-05-30 15:09:28,027 - __main__ - INFO - Number of classes: 20
2025-05-30 15:09:28,279 - __main__ - INFO - Model created with 20 classes
2025-05-30 15:09:28,280 - __main__ - INFO - Starting training...
2025-05-30 15:22:17,885 - __main__ - INFO - Training completed!
2025-05-30 17:49:54,681 - __main__ - INFO - Using device: cuda
2025-05-30 17:50:13,016 - __main__ - INFO - [STRATIFIED] Split completed
2025-05-30 17:50:13,016 - __main__ - INFO - Train Dataset: 2939 images
2025-05-30 17:50:13,016 - __main__ - INFO - Val Dataset: 735 images
2025-05-30 17:50:13,016 - __main__ - INFO - Number of classes: 20
2025-05-30 17:50:13,270 - __main__ - INFO - Model created with 20 classes
2025-05-30 17:50:13,270 - __main__ - INFO - Starting training...
2025-05-30 18:01:52,210 - __main__ - INFO - Training completed!
2025-05-30 18:24:27,791 - __main__ - INFO - Using device: cuda
2025-05-30 18:24:28,814 - __main__ - INFO - [STRATIFIED] Split completed
2025-05-30 18:24:28,814 - __main__ - INFO - Train Dataset: 2939 images
2025-05-30 18:24:28,814 - __main__ - INFO - Val Dataset: 735 images
2025-05-30 18:24:28,814 - __main__ - INFO - Number of classes: 20
2025-05-30 18:24:29,011 - __main__ - INFO - Model created with 20 classes
2025-05-30 18:24:29,012 - __main__ - INFO - Starting training...
2025-05-30 18:24:58,165 - __main__ - INFO - Using device: cuda
2025-05-30 18:24:59,062 - __main__ - INFO - [STRATIFIED] Split completed
2025-05-30 18:24:59,062 - __main__ - INFO - Train Dataset: 2939 images
2025-05-30 18:24:59,062 - __main__ - INFO - Val Dataset: 735 images
2025-05-30 18:24:59,062 - __main__ - INFO - Number of classes: 20
2025-05-30 18:24:59,329 - __main__ - INFO - Model created with 20 classes
2025-05-30 18:24:59,329 - __main__ - INFO - Starting training...
2025-05-30 18:36:33,827 - __main__ - INFO - Training completed!
2025-05-30 18:37:12,533 - __main__ - ERROR - Error in main training pipeline: Object of type int64 is not JSON serializable
2025-05-30 18:44:48,397 - __main__ - INFO - Using device: cuda
2025-05-30 18:44:49,246 - __main__ - INFO - [STRATIFIED] Split completed
2025-05-30 18:44:49,246 - __main__ - INFO - Train Dataset: 2939 images
2025-05-30 18:44:49,246 - __main__ - INFO - Val Dataset: 735 images
2025-05-30 18:44:49,246 - __main__ - INFO - Number of classes: 20
2025-05-30 18:44:49,400 - __main__ - INFO - Model created with 20 classes
2025-05-30 18:44:49,401 - __main__ - INFO - Starting training...
2025-05-30 18:56:20,167 - __main__ - INFO - Training completed!
