2025-05-31 08:27:59,272 - src.street_food_classifier - INFO - StreetFoodClassifier initialized
2025-05-31 08:27:59,272 - src.street_food_classifier - INFO - Device: cuda
2025-05-31 08:27:59,272 - src.street_food_classifier - INFO - Random seed: 42
2025-05-31 08:29:23,784 - src.street_food_classifier - INFO - StreetFoodClassifier initialized
2025-05-31 08:29:23,784 - src.street_food_classifier - INFO - Device: cuda
2025-05-31 08:29:23,784 - src.street_food_classifier - INFO - Random seed: 42
2025-05-31 08:30:11,254 - src.street_food_classifier - INFO - StreetFoodClassifier initialized
2025-05-31 08:30:11,254 - src.street_food_classifier - INFO - Device: cuda
2025-05-31 08:30:11,254 - src.street_food_classifier - INFO - Random seed: 42
2025-05-31 08:30:58,740 - src.street_food_classifier - INFO - StreetFoodClassifier initialized
2025-05-31 08:30:58,740 - src.street_food_classifier - INFO - Device: cuda
2025-05-31 08:30:58,740 - src.street_food_classifier - INFO - Random seed: 42
2025-05-31 08:31:06,170 - src.street_food_classifier - INFO - StreetFoodClassifier initialized
2025-05-31 08:31:06,170 - src.street_food_classifier - INFO - Device: cuda
2025-05-31 08:31:06,170 - src.street_food_classifier - INFO - Random seed: 42
2025-05-31 08:31:23,322 - src.street_food_classifier - INFO - Setting up data management...
2025-05-31 08:31:43,950 - src.street_food_classifier - INFO - Data setup completed:
2025-05-31 08:31:43,950 - src.street_food_classifier - INFO -   Classes: 1
2025-05-31 08:31:43,950 - src.street_food_classifier - INFO -   Training samples: 2939
2025-05-31 08:31:43,950 - src.street_food_classifier - INFO -   Validation samples: 735
2025-05-31 08:31:43,950 - src.street_food_classifier - INFO - Setting up model: resnet18
2025-05-31 08:36:34,198 - src.street_food_classifier - INFO - Setting up model: resnet18
2025-05-31 08:36:34,370 - src.street_food_classifier - INFO - Setting up model: resnet50
2025-05-31 08:36:37,967 - src.street_food_classifier - INFO - Setting up model: efficientnet_b0
2025-05-31 08:43:32,546 - src.street_food_classifier - INFO - StreetFoodClassifier initialized
2025-05-31 08:43:32,547 - src.street_food_classifier - INFO - Device: cuda
2025-05-31 08:43:32,547 - src.street_food_classifier - INFO - Random seed: 42
2025-05-31 08:43:32,547 - src.street_food_classifier - INFO - Setting up data management...
2025-05-31 08:43:33,621 - src.street_food_classifier - INFO - Data setup completed:
2025-05-31 08:43:33,621 - src.street_food_classifier - INFO -   Classes: 1
2025-05-31 08:43:33,621 - src.street_food_classifier - INFO -   Training samples: 2939
2025-05-31 08:43:33,621 - src.street_food_classifier - INFO -   Validation samples: 735
2025-05-31 08:46:57,465 - src.street_food_classifier - INFO - Setting up model: resnet18
2025-05-31 08:46:59,905 - src.street_food_classifier - INFO - StreetFoodClassifier initialized
2025-05-31 08:46:59,905 - src.street_food_classifier - INFO - Device: cuda
2025-05-31 08:46:59,905 - src.street_food_classifier - INFO - Random seed: 42
2025-05-31 08:46:59,905 - src.street_food_classifier - INFO - Setting up data management...
2025-05-31 08:47:00,960 - src.street_food_classifier - INFO - Data setup completed:
2025-05-31 08:47:00,960 - src.street_food_classifier - INFO -   Classes: 1
2025-05-31 08:47:00,960 - src.street_food_classifier - INFO -   Training samples: 2939
2025-05-31 08:47:00,960 - src.street_food_classifier - INFO -   Validation samples: 735
2025-05-31 08:47:38,171 - src.street_food_classifier - INFO - Setting up model: resnet18
2025-05-31 08:48:12,286 - src.street_food_classifier - INFO - Setting up model: resnet18
2025-05-31 08:48:20,083 - src.street_food_classifier - INFO - Setting up model: resnet18
2025-05-31 08:48:20,248 - src.street_food_classifier - INFO - Setting up model: resnet50
2025-05-31 08:48:20,614 - src.street_food_classifier - INFO - Setting up model: efficientnet_b0
2025-05-31 08:51:00,942 - src.street_food_classifier - INFO - StreetFoodClassifier initialized
2025-05-31 08:51:00,942 - src.street_food_classifier - INFO - Device: cuda
2025-05-31 08:51:00,942 - src.street_food_classifier - INFO - Random seed: 42
2025-05-31 08:51:00,943 - src.street_food_classifier - INFO - Setting up data management...
2025-05-31 08:51:02,020 - src.street_food_classifier - INFO - Data setup completed:
2025-05-31 08:51:02,020 - src.street_food_classifier - INFO -   Classes: 1
2025-05-31 08:51:02,021 - src.street_food_classifier - INFO -   Training samples: 2939
2025-05-31 08:51:02,021 - src.street_food_classifier - INFO -   Validation samples: 735
2025-05-31 08:51:02,021 - src.street_food_classifier - INFO - Setting up model: resnet18
2025-05-31 08:51:02,256 - src.street_food_classifier - INFO - Model setup completed
2025-05-31 08:51:02,257 - src.street_food_classifier - INFO - Setting up model: resnet50
2025-05-31 08:51:02,596 - src.street_food_classifier - INFO - Model setup completed
2025-05-31 08:51:02,598 - src.street_food_classifier - INFO - Setting up model: efficientnet_b0
2025-05-31 08:51:02,708 - src.street_food_classifier - INFO - Model setup completed
2025-05-31 08:51:58,250 - src.street_food_classifier - INFO - StreetFoodClassifier initialized
2025-05-31 08:51:58,251 - src.street_food_classifier - INFO - Device: cuda
2025-05-31 08:51:58,251 - src.street_food_classifier - INFO - Random seed: 42
2025-05-31 08:51:58,252 - src.street_food_classifier - INFO - Setting up data management...
2025-05-31 08:51:59,168 - src.street_food_classifier - INFO - Data setup completed:
2025-05-31 08:51:59,168 - src.street_food_classifier - INFO -   Classes: 1
2025-05-31 08:51:59,168 - src.street_food_classifier - INFO -   Training samples: 2939
2025-05-31 08:51:59,168 - src.street_food_classifier - INFO -   Validation samples: 735
2025-05-31 08:51:59,168 - src.street_food_classifier - INFO - Setting up model: resnet18
2025-05-31 08:51:59,333 - src.street_food_classifier - INFO - Model setup completed
2025-05-31 08:51:59,334 - src.street_food_classifier - INFO - Setting up model: efficientnet_b0
2025-05-31 08:51:59,458 - src.street_food_classifier - INFO - Model setup completed
2025-05-31 08:58:38,424 - src.street_food_classifier - INFO - StreetFoodClassifier initialized
2025-05-31 08:58:38,424 - src.street_food_classifier - INFO - Device: cuda
2025-05-31 08:58:38,424 - src.street_food_classifier - INFO - Random seed: 42
2025-05-31 08:58:38,425 - src.street_food_classifier - INFO - Setting up data management...
2025-05-31 08:58:39,331 - src.street_food_classifier - INFO - Data setup completed:
2025-05-31 08:58:39,331 - src.street_food_classifier - INFO -   Classes: 1
2025-05-31 08:58:39,331 - src.street_food_classifier - INFO -   Training samples: 2939
2025-05-31 08:58:39,331 - src.street_food_classifier - INFO -   Validation samples: 735
2025-05-31 08:58:39,332 - src.street_food_classifier - INFO - Setting up model: efficientnet_b0
2025-05-31 08:58:39,500 - src.street_food_classifier - INFO - Model setup completed
2025-05-31 08:58:39,501 - src.street_food_classifier - INFO - Starting training process...
2025-05-31 09:03:26,792 - src.street_food_classifier - INFO - StreetFoodClassifier initialized
2025-05-31 09:03:26,793 - src.street_food_classifier - INFO - Device: cuda
2025-05-31 09:03:26,793 - src.street_food_classifier - INFO - Random seed: 42
2025-05-31 09:03:26,793 - src.street_food_classifier - INFO - Setting up data management...
2025-05-31 09:03:38,806 - src.street_food_classifier - INFO - Data setup completed:
2025-05-31 09:03:38,806 - src.street_food_classifier - INFO -   Classes: 20
2025-05-31 09:03:38,806 - src.street_food_classifier - INFO -   Training samples: 2939
2025-05-31 09:03:38,806 - src.street_food_classifier - INFO -   Validation samples: 735
2025-05-31 09:03:38,807 - src.street_food_classifier - INFO - Setting up model: efficientnet_b0
2025-05-31 09:03:39,018 - src.street_food_classifier - INFO - Model setup completed
2025-05-31 09:03:39,021 - src.street_food_classifier - INFO - Starting training process...
2025-05-31 09:19:53,779 - src.street_food_classifier - INFO - Training process completed!
2025-05-31 09:19:53,781 - src.street_food_classifier - INFO - Evaluating model...
2025-05-31 09:20:11,694 - src.street_food_classifier - INFO - Evaluation Results:
2025-05-31 09:20:11,694 - src.street_food_classifier - INFO -   Accuracy: 0.8816
2025-05-31 09:20:11,694 - src.street_food_classifier - INFO -   F1-Score: 0.8788
2025-05-31 09:20:11,694 - src.street_food_classifier - INFO -   Loss: 0.4333
2025-05-31 09:43:44,414 - src.street_food_classifier - INFO - StreetFoodClassifier initialized
2025-05-31 09:43:44,414 - src.street_food_classifier - INFO - Device: cuda
2025-05-31 09:43:44,414 - src.street_food_classifier - INFO - Random seed: 42
2025-05-31 09:43:44,414 - src.street_food_classifier - INFO - Setting up data management...
2025-05-31 09:43:45,454 - src.street_food_classifier - INFO - Data setup completed:
2025-05-31 09:43:45,454 - src.street_food_classifier - INFO -   Classes: 20
2025-05-31 09:43:45,455 - src.street_food_classifier - INFO -   Training samples: 2939
2025-05-31 09:43:45,455 - src.street_food_classifier - INFO -   Validation samples: 735
2025-05-31 09:43:45,455 - src.street_food_classifier - INFO - Setting up model: efficientnet_b0
2025-05-31 09:43:45,716 - src.street_food_classifier - INFO - Model setup completed
2025-05-31 09:43:45,719 - src.street_food_classifier - INFO - Starting training process...
2025-05-31 09:59:47,308 - src.street_food_classifier - INFO - Training process completed!
2025-05-31 09:59:47,308 - src.street_food_classifier - INFO - Evaluating model...
2025-05-31 10:00:04,109 - src.street_food_classifier - INFO - Evaluation Results:
2025-05-31 10:00:04,109 - src.street_food_classifier - INFO -   Accuracy: 0.8816
2025-05-31 10:00:04,109 - src.street_food_classifier - INFO -   F1-Score: 0.8788
2025-05-31 10:00:04,109 - src.street_food_classifier - INFO -   Loss: 0.4333
2025-05-31 10:00:04,136 - src.street_food_classifier - INFO - Cleanup completed
2025-05-31 10:00:04,136 - src.street_food_classifier - INFO - Setting up model: resnet18
2025-05-31 10:00:04,357 - src.street_food_classifier - INFO - Model setup completed
2025-05-31 10:00:04,358 - src.street_food_classifier - INFO - Starting training process...
2025-05-31 10:11:40,120 - src.street_food_classifier - INFO - Training process completed!
2025-05-31 10:11:40,120 - src.street_food_classifier - INFO - Evaluating model...
2025-05-31 10:11:56,305 - src.street_food_classifier - INFO - Evaluation Results:
2025-05-31 10:11:56,305 - src.street_food_classifier - INFO -   Accuracy: 0.8449
2025-05-31 10:11:56,305 - src.street_food_classifier - INFO -   F1-Score: 0.8441
2025-05-31 10:11:56,305 - src.street_food_classifier - INFO -   Loss: 0.5251
2025-05-31 10:11:56,309 - src.street_food_classifier - INFO - Cleanup completed
2025-05-31 10:11:56,309 - src.street_food_classifier - INFO - Setting up model: resnet50
2025-05-31 10:11:56,710 - src.street_food_classifier - INFO - Model setup completed
2025-05-31 10:11:56,712 - src.street_food_classifier - INFO - Starting training process...
2025-05-31 10:45:46,214 - src.street_food_classifier - INFO - Training process completed!
2025-05-31 10:45:46,215 - src.street_food_classifier - INFO - Evaluating model...
2025-05-31 10:46:04,127 - src.street_food_classifier - INFO - Evaluation Results:
2025-05-31 10:46:04,127 - src.street_food_classifier - INFO -   Accuracy: 0.8803
2025-05-31 10:46:04,127 - src.street_food_classifier - INFO -   F1-Score: 0.8789
2025-05-31 10:46:04,127 - src.street_food_classifier - INFO -   Loss: 0.4669
2025-05-31 10:46:04,619 - src.street_food_classifier - INFO - Cleanup completed
2025-05-31 10:46:04,705 - src.street_food_classifier - INFO - StreetFoodClassifier initialized
2025-05-31 10:46:04,705 - src.street_food_classifier - INFO - Device: cuda
2025-05-31 10:46:04,705 - src.street_food_classifier - INFO - Random seed: 42
2025-05-31 10:46:04,705 - src.street_food_classifier - INFO - Setting up data management...
2025-05-31 10:46:05,881 - src.street_food_classifier - INFO - Data setup completed:
2025-05-31 10:46:05,881 - src.street_food_classifier - INFO -   Classes: 20
2025-05-31 10:46:05,881 - src.street_food_classifier - INFO -   Training samples: 2939
2025-05-31 10:46:05,881 - src.street_food_classifier - INFO -   Validation samples: 735
2025-05-31 10:46:05,881 - src.street_food_classifier - INFO - Setting up model: resnet50
2025-05-31 10:46:06,317 - src.street_food_classifier - INFO - Model setup completed
2025-05-31 10:46:06,318 - src.street_food_classifier - INFO - Starting training process...
2025-05-31 11:18:49,790 - src.street_food_classifier - INFO - Training process completed!
2025-05-31 11:18:49,791 - src.street_food_classifier - INFO - Evaluating model...
2025-05-31 11:19:07,570 - src.street_food_classifier - INFO - Evaluation Results:
2025-05-31 11:19:07,570 - src.street_food_classifier - INFO -   Accuracy: 0.8803
2025-05-31 11:19:07,570 - src.street_food_classifier - INFO -   F1-Score: 0.8783
2025-05-31 11:19:07,570 - src.street_food_classifier - INFO -   Loss: 0.4777
2025-05-31 12:07:13,222 - src.street_food_classifier - INFO - StreetFoodClassifier initialized
2025-05-31 12:07:13,222 - src.street_food_classifier - INFO - Device: cuda
2025-05-31 12:07:13,222 - src.street_food_classifier - INFO - Random seed: 42
2025-05-31 12:07:13,222 - src.street_food_classifier - INFO - Setting up data management...
2025-05-31 12:07:14,176 - src.street_food_classifier - INFO - Data setup completed:
2025-05-31 12:07:14,176 - src.street_food_classifier - INFO -   Classes: 20
2025-05-31 12:07:14,176 - src.street_food_classifier - INFO -   Training samples: 2939
2025-05-31 12:07:14,176 - src.street_food_classifier - INFO -   Validation samples: 735
2025-05-31 12:07:41,299 - src.street_food_classifier - INFO - StreetFoodClassifier initialized
2025-05-31 12:07:41,299 - src.street_food_classifier - INFO - Device: cuda
2025-05-31 12:07:41,299 - src.street_food_classifier - INFO - Random seed: 42
2025-05-31 12:07:41,299 - src.street_food_classifier - INFO - Setting up data management...
2025-05-31 12:07:42,192 - src.street_food_classifier - INFO - Data setup completed:
2025-05-31 12:07:42,192 - src.street_food_classifier - INFO -   Classes: 20
2025-05-31 12:07:42,192 - src.street_food_classifier - INFO -   Training samples: 2939
2025-05-31 12:07:42,192 - src.street_food_classifier - INFO -   Validation samples: 735
2025-05-31 12:10:04,676 - src.street_food_classifier - INFO - StreetFoodClassifier initialized
2025-05-31 12:10:04,676 - src.street_food_classifier - INFO - Device: cuda
2025-05-31 12:10:04,676 - src.street_food_classifier - INFO - Random seed: 42
2025-05-31 12:10:04,676 - src.street_food_classifier - INFO - Setting up data management...
2025-05-31 12:10:05,573 - src.street_food_classifier - INFO - Data setup completed:
2025-05-31 12:10:05,573 - src.street_food_classifier - INFO -   Classes: 20
2025-05-31 12:10:05,573 - src.street_food_classifier - INFO -   Training samples: 2939
2025-05-31 12:10:05,573 - src.street_food_classifier - INFO -   Validation samples: 735
2025-05-31 12:10:05,573 - src.street_food_classifier - INFO - Setting up model: resnet18
2025-05-31 12:10:05,747 - src.street_food_classifier - INFO - Model setup completed
2025-05-31 12:10:05,747 - src.street_food_classifier - INFO - Starting training process...
2025-05-31 12:13:02,961 - src.street_food_classifier - INFO - Training process completed!
2025-05-31 12:13:04,619 - src.street_food_classifier - INFO - StreetFoodClassifier initialized
2025-05-31 12:13:04,619 - src.street_food_classifier - INFO - Device: cuda
2025-05-31 12:13:04,619 - src.street_food_classifier - INFO - Random seed: 42
2025-05-31 12:13:04,619 - src.street_food_classifier - INFO - Setting up data management...
2025-05-31 12:13:05,649 - src.street_food_classifier - INFO - Data setup completed:
2025-05-31 12:13:05,649 - src.street_food_classifier - INFO -   Classes: 20
2025-05-31 12:13:05,649 - src.street_food_classifier - INFO -   Training samples: 2939
2025-05-31 12:13:05,649 - src.street_food_classifier - INFO -   Validation samples: 735
2025-05-31 12:13:05,649 - src.street_food_classifier - INFO - Setting up model: resnet18
2025-05-31 12:13:05,820 - src.street_food_classifier - INFO - Model setup completed
2025-05-31 12:13:05,820 - src.street_food_classifier - INFO - Starting training process...
2025-05-31 12:16:09,460 - src.street_food_classifier - INFO - StreetFoodClassifier initialized
2025-05-31 12:16:09,460 - src.street_food_classifier - INFO - Device: cuda
2025-05-31 12:16:09,460 - src.street_food_classifier - INFO - Random seed: 42
2025-05-31 12:16:09,460 - src.street_food_classifier - INFO - Setting up data management...
2025-05-31 12:16:10,384 - src.street_food_classifier - INFO - Data setup completed:
2025-05-31 12:16:10,384 - src.street_food_classifier - INFO -   Classes: 20
2025-05-31 12:16:10,384 - src.street_food_classifier - INFO -   Training samples: 2939
2025-05-31 12:16:10,384 - src.street_food_classifier - INFO -   Validation samples: 735
2025-05-31 12:28:45,327 - src.street_food_classifier - INFO - StreetFoodClassifier initialized
2025-05-31 12:28:45,327 - src.street_food_classifier - INFO - Device: cuda
2025-05-31 12:28:45,327 - src.street_food_classifier - INFO - Random seed: 42
2025-05-31 12:28:45,327 - src.street_food_classifier - INFO - Setting up data management...
2025-05-31 12:28:46,365 - src.street_food_classifier - INFO - Data setup completed:
2025-05-31 12:28:46,365 - src.street_food_classifier - INFO -   Classes: 20
2025-05-31 12:28:46,365 - src.street_food_classifier - INFO -   Training samples: 2939
2025-05-31 12:28:46,365 - src.street_food_classifier - INFO -   Validation samples: 735
2025-05-31 12:28:46,365 - src.street_food_classifier - INFO - Setting up model: resnet18
2025-05-31 12:28:46,541 - src.street_food_classifier - INFO - Model setup completed
2025-05-31 12:28:46,541 - src.street_food_classifier - INFO - Starting training process...
2025-05-31 12:45:41,370 - src.street_food_classifier - INFO - Training process completed!
2025-05-31 12:45:41,370 - src.street_food_classifier - INFO - Evaluating model...
2025-05-31 12:45:58,953 - src.street_food_classifier - INFO - Evaluation Results:
2025-05-31 12:45:58,953 - src.street_food_classifier - INFO -   Accuracy: 0.8340
2025-05-31 12:45:58,953 - src.street_food_classifier - INFO -   F1-Score: 0.8319
2025-05-31 12:45:58,953 - src.street_food_classifier - INFO -   Loss: 0.5647
2025-05-31 12:46:04,782 - src.street_food_classifier - INFO - Cleanup completed
2025-05-31 13:25:14,222 - src.street_food_classifier - INFO - StreetFoodClassifier initialized
2025-05-31 13:25:14,223 - src.street_food_classifier - INFO - Device: cuda
2025-05-31 13:25:14,223 - src.street_food_classifier - INFO - Random seed: 42
2025-05-31 13:25:14,223 - src.street_food_classifier - INFO - Setting up data management...
2025-05-31 13:25:15,301 - src.street_food_classifier - INFO - Data setup completed:
2025-05-31 13:25:15,301 - src.street_food_classifier - INFO -   Classes: 20
2025-05-31 13:25:15,301 - src.street_food_classifier - INFO -   Training samples: 2939
2025-05-31 13:25:15,301 - src.street_food_classifier - INFO -   Validation samples: 735
2025-05-31 15:23:20,192 - src.street_food_classifier - INFO - StreetFoodClassifier initialized
2025-05-31 15:23:20,192 - src.street_food_classifier - INFO - Device: cuda
2025-05-31 15:23:20,192 - src.street_food_classifier - INFO - Random seed: 42
2025-05-31 15:23:20,192 - src.street_food_classifier - INFO - Setting up data management...
2025-05-31 15:23:39,287 - src.street_food_classifier - INFO - Data setup completed:
2025-05-31 15:23:39,287 - src.street_food_classifier - INFO -   Classes: 20
2025-05-31 15:23:39,287 - src.street_food_classifier - INFO -   Training samples: 2939
2025-05-31 15:23:39,287 - src.street_food_classifier - INFO -   Validation samples: 735
2025-05-31 15:24:20,287 - src.street_food_classifier - INFO - StreetFoodClassifier initialized
2025-05-31 15:24:20,287 - src.street_food_classifier - INFO - Device: cuda
2025-05-31 15:24:20,287 - src.street_food_classifier - INFO - Random seed: 42
2025-05-31 15:24:20,289 - src.street_food_classifier - INFO - Setting up data management...
2025-05-31 15:24:21,201 - src.street_food_classifier - INFO - Data setup completed:
2025-05-31 15:24:21,202 - src.street_food_classifier - INFO -   Classes: 20
2025-05-31 15:24:21,202 - src.street_food_classifier - INFO -   Training samples: 2939
2025-05-31 15:24:21,202 - src.street_food_classifier - INFO -   Validation samples: 735
2025-05-31 15:24:21,202 - src.street_food_classifier - INFO - Setting up model: resnet18
2025-05-31 15:24:21,441 - src.street_food_classifier - INFO - Model setup completed
2025-05-31 15:24:21,441 - src.street_food_classifier - INFO - Starting training process...
2025-05-31 15:40:25,789 - src.street_food_classifier - INFO - Training process completed!
2025-05-31 15:40:25,789 - src.street_food_classifier - INFO - Evaluating model...
2025-05-31 15:40:41,589 - src.street_food_classifier - INFO - Evaluation Results:
2025-05-31 15:40:41,589 - src.street_food_classifier - INFO -   Accuracy: 0.8340
2025-05-31 15:40:41,589 - src.street_food_classifier - INFO -   F1-Score: 0.8319
2025-05-31 15:40:41,589 - src.street_food_classifier - INFO -   Loss: 0.5647
2025-05-31 15:40:46,521 - src.street_food_classifier - INFO - Cleanup completed
2025-05-31 16:45:22,847 - src.street_food_classifier - INFO - StreetFoodClassifier initialized
2025-05-31 16:45:22,848 - src.street_food_classifier - INFO - Device: cuda
2025-05-31 16:45:22,848 - src.street_food_classifier - INFO - Random seed: 42
2025-05-31 16:45:22,848 - src.street_food_classifier - INFO - Setting up data management...
2025-05-31 16:45:24,475 - src.street_food_classifier - INFO - Data setup completed:
2025-05-31 16:45:24,475 - src.street_food_classifier - INFO -   Classes: 20
2025-05-31 16:45:24,475 - src.street_food_classifier - INFO -   Training samples: 2939
2025-05-31 16:45:24,476 - src.street_food_classifier - INFO -   Validation samples: 735
2025-05-31 16:58:34,350 - src.street_food_classifier - INFO - StreetFoodClassifier initialized
2025-05-31 16:58:34,350 - src.street_food_classifier - INFO - Device: cuda
2025-05-31 16:58:34,350 - src.street_food_classifier - INFO - Random seed: 42
2025-05-31 16:58:34,350 - src.street_food_classifier - INFO - Setting up data management...
2025-05-31 16:58:35,303 - src.street_food_classifier - INFO - Data setup completed:
2025-05-31 16:58:35,303 - src.street_food_classifier - INFO -   Classes: 20
2025-05-31 16:58:35,303 - src.street_food_classifier - INFO -   Training samples: 2939
2025-05-31 16:58:35,303 - src.street_food_classifier - INFO -   Validation samples: 735
2025-05-31 17:09:26,488 - src.street_food_classifier - INFO - StreetFoodClassifier initialized
2025-05-31 17:09:26,488 - src.street_food_classifier - INFO - Device: cuda
2025-05-31 17:09:26,488 - src.street_food_classifier - INFO - Random seed: 42
2025-05-31 17:16:05,015 - src.street_food_classifier - INFO - StreetFoodClassifier initialized
2025-05-31 17:16:05,016 - src.street_food_classifier - INFO - Device: cuda
2025-05-31 17:16:05,016 - src.street_food_classifier - INFO - Random seed: 42
2025-05-31 17:16:05,016 - src.street_food_classifier - INFO - Starting training with resnet18
2025-05-31 17:16:05,016 - src.street_food_classifier - INFO - Configuration: pretrained=True, save_results=True
2025-05-31 17:16:05,016 - src.street_food_classifier - INFO - Setting up data...
2025-05-31 17:16:05,016 - src.street_food_classifier - INFO - Setting up data management...
2025-05-31 17:16:06,701 - src.street_food_classifier - INFO - Data setup completed:
2025-05-31 17:16:06,701 - src.street_food_classifier - INFO -   Classes: 20
2025-05-31 17:16:06,701 - src.street_food_classifier - INFO -   Training samples: 2939
2025-05-31 17:16:06,701 - src.street_food_classifier - INFO -   Validation samples: 735
2025-05-31 17:16:06,701 - src.street_food_classifier - INFO - Setting up model: resnet18
2025-05-31 17:16:06,701 - src.street_food_classifier - INFO - Setting up model: resnet18
2025-05-31 17:16:06,931 - src.street_food_classifier - INFO - Model setup completed
2025-05-31 17:16:06,931 - src.street_food_classifier - INFO - Starting training process...
2025-05-31 17:16:06,931 - src.street_food_classifier - INFO - Device: cuda
2025-05-31 17:16:06,931 - src.street_food_classifier - INFO - Epochs: 2
2025-05-31 17:16:06,931 - src.street_food_classifier - INFO - Batch size: 16
2025-05-31 17:16:06,931 - src.street_food_classifier - ERROR - Training failed: 'Trainer' object has no attribute 'train'
2025-05-31 17:16:06,932 - src.street_food_classifier - ERROR - Training error traceback:
Traceback (most recent call last):
  File "D:\Neural_Networks\Kaggle\street_food_classifier\src\street_food_classifier.py", line 195, in train
    self.training_history = self.trainer.train(
                            ^^^^^^^^^^^^^^^^^^
AttributeError: 'Trainer' object has no attribute 'train'

2025-05-31 19:04:00,926 - src.street_food_classifier - INFO - StreetFoodClassifier initialized
2025-05-31 19:04:00,927 - src.street_food_classifier - INFO - Device: cuda
2025-05-31 19:04:00,927 - src.street_food_classifier - INFO - Random seed: 42
2025-05-31 19:04:00,927 - src.street_food_classifier - INFO - Setting up data management...
2025-05-31 19:04:02,770 - src.street_food_classifier - INFO - Data setup completed:
2025-05-31 19:04:02,770 - src.street_food_classifier - INFO -   Classes: 20
2025-05-31 19:04:02,770 - src.street_food_classifier - INFO -   Training samples: 2939
2025-05-31 19:04:02,770 - src.street_food_classifier - INFO -   Validation samples: 735
2025-05-31 19:04:02,770 - src.street_food_classifier - INFO - Setting up model: resnet18
2025-05-31 19:04:02,968 - src.street_food_classifier - INFO - Model setup completed
2025-05-31 19:04:34,892 - src.street_food_classifier - INFO - Setting up model: resnet18
2025-05-31 19:04:35,049 - src.street_food_classifier - INFO - Model setup completed
2025-05-31 19:05:00,475 - src.street_food_classifier - INFO - Setting up model: resnet18
2025-05-31 19:05:00,620 - src.street_food_classifier - INFO - Model setup completed
2025-05-31 19:15:34,381 - src.street_food_classifier - INFO - Starting evaluation...
2025-05-31 19:15:34,382 - src.street_food_classifier - INFO - Running validation...
2025-05-31 19:15:49,218 - src.street_food_classifier - INFO - Evaluation completed
2025-05-31 19:15:49,218 - src.street_food_classifier - INFO - Validation Accuracy: 0.8122
2025-05-31 19:15:49,218 - src.street_food_classifier - INFO - Validation F1-Score: 0.8105
2025-05-31 19:15:49,218 - src.street_food_classifier - INFO - Creating evaluation visualizations...
2025-05-31 19:15:50,742 - src.street_food_classifier - INFO - Evaluation visualizations completed
2025-05-31 19:19:26,019 - src.street_food_classifier - INFO - Starting evaluation...
2025-05-31 19:19:26,019 - src.street_food_classifier - INFO - Running validation...
2025-05-31 19:19:41,125 - src.street_food_classifier - INFO - Evaluation completed
2025-05-31 19:19:41,125 - src.street_food_classifier - INFO - Validation Accuracy: 0.8068
2025-05-31 19:19:41,125 - src.street_food_classifier - INFO - Validation F1-Score: 0.8074
2025-05-31 19:19:41,125 - src.street_food_classifier - INFO - Creating evaluation visualizations...
2025-05-31 19:19:42,601 - src.street_food_classifier - INFO - Evaluation visualizations completed
2025-05-31 19:21:49,115 - src.street_food_classifier - INFO - Starting evaluation...
2025-05-31 19:21:49,115 - src.street_food_classifier - INFO - Running validation...
2025-05-31 19:22:04,004 - src.street_food_classifier - INFO - Evaluation completed
2025-05-31 19:22:04,004 - src.street_food_classifier - INFO - Validation Accuracy: 0.8163
2025-05-31 19:22:04,005 - src.street_food_classifier - INFO - Validation F1-Score: 0.8134
2025-05-31 19:22:04,005 - src.street_food_classifier - INFO - Creating evaluation visualizations...
2025-05-31 19:22:05,643 - src.street_food_classifier - INFO - Evaluation visualizations completed
2025-05-31 19:24:18,882 - src.street_food_classifier - INFO - Starting evaluation...
2025-05-31 19:24:18,882 - src.street_food_classifier - INFO - Running validation...
2025-05-31 19:24:35,268 - src.street_food_classifier - INFO - Evaluation completed
2025-05-31 19:24:35,268 - src.street_food_classifier - INFO - Validation Accuracy: 0.8490
2025-05-31 19:24:35,268 - src.street_food_classifier - INFO - Validation F1-Score: 0.8478
2025-05-31 19:24:35,268 - src.street_food_classifier - INFO - Creating evaluation visualizations...
2025-05-31 19:24:37,020 - src.street_food_classifier - INFO - Evaluation visualizations completed
2025-05-31 19:35:20,510 - src.street_food_classifier - INFO - Starting evaluation...
2025-05-31 19:35:20,510 - src.street_food_classifier - INFO - Running validation...
2025-05-31 19:35:35,767 - src.street_food_classifier - INFO - Evaluation completed
2025-05-31 19:35:35,768 - src.street_food_classifier - INFO - Validation Accuracy: 0.8463
2025-05-31 19:35:35,768 - src.street_food_classifier - INFO - Validation F1-Score: 0.8456
2025-05-31 19:35:35,768 - src.street_food_classifier - INFO - Creating evaluation visualizations...
2025-05-31 19:35:37,566 - src.street_food_classifier - INFO - Evaluation visualizations completed
2025-05-31 19:41:17,121 - src.street_food_classifier - INFO - Starting evaluation...
2025-05-31 19:41:17,121 - src.street_food_classifier - INFO - Running validation...
2025-05-31 19:41:32,209 - src.street_food_classifier - INFO - Evaluation completed
2025-05-31 19:41:32,209 - src.street_food_classifier - INFO - Validation Accuracy: 0.8503
2025-05-31 19:41:32,209 - src.street_food_classifier - INFO - Validation F1-Score: 0.8491
2025-05-31 19:42:15,468 - src.street_food_classifier - INFO - Starting evaluation...
2025-05-31 19:42:15,468 - src.street_food_classifier - INFO - Running validation...
2025-05-31 19:42:30,837 - src.street_food_classifier - INFO - Evaluation completed
2025-05-31 19:42:30,837 - src.street_food_classifier - INFO - Validation Accuracy: 0.8463
2025-05-31 19:42:30,837 - src.street_food_classifier - INFO - Validation F1-Score: 0.8449
2025-05-31 19:43:13,854 - src.street_food_classifier - INFO - Starting evaluation...
2025-05-31 19:43:13,854 - src.street_food_classifier - INFO - Running validation...
2025-05-31 19:43:29,111 - src.street_food_classifier - INFO - Evaluation completed
2025-05-31 19:43:29,111 - src.street_food_classifier - INFO - Validation Accuracy: 0.8463
2025-05-31 19:43:29,111 - src.street_food_classifier - INFO - Validation F1-Score: 0.8455
2025-05-31 19:43:29,112 - src.street_food_classifier - INFO - Creating evaluation visualizations...
2025-05-31 19:43:30,553 - src.street_food_classifier - INFO - Evaluation visualizations completed
2025-05-31 19:53:36,261 - src.street_food_classifier - INFO - StreetFoodClassifier initialized
2025-05-31 19:53:36,262 - src.street_food_classifier - INFO - Device: cuda
2025-05-31 19:53:36,262 - src.street_food_classifier - INFO - Random seed: 42
2025-05-31 19:53:36,262 - src.street_food_classifier - INFO - Starting training with resnet18
2025-05-31 19:53:36,262 - src.street_food_classifier - INFO - Configuration: pretrained=True, save_results=True
2025-05-31 19:53:36,262 - src.street_food_classifier - INFO - Setting up data...
2025-05-31 19:53:36,262 - src.street_food_classifier - INFO - Setting up data management...
2025-05-31 19:53:37,183 - src.street_food_classifier - INFO - Data setup completed:
2025-05-31 19:53:37,183 - src.street_food_classifier - INFO -   Classes: 20
2025-05-31 19:53:37,183 - src.street_food_classifier - INFO -   Training samples: 2939
2025-05-31 19:53:37,183 - src.street_food_classifier - INFO -   Validation samples: 735
2025-05-31 19:53:37,183 - src.street_food_classifier - INFO - Setting up model: resnet18
2025-05-31 19:53:37,183 - src.street_food_classifier - INFO - Setting up model: resnet18
2025-05-31 19:53:37,344 - src.street_food_classifier - INFO - Model setup completed
2025-05-31 19:53:37,345 - src.street_food_classifier - INFO - Starting training process...
2025-05-31 19:53:37,345 - src.street_food_classifier - INFO - Device: cuda
2025-05-31 19:53:37,345 - src.street_food_classifier - INFO - Epochs: 3
2025-05-31 19:53:37,345 - src.street_food_classifier - INFO - Batch size: 16
2025-05-31 19:53:37,345 - src.street_food_classifier - ERROR - Training failed: 'Trainer' object has no attribute 'train'
2025-05-31 19:53:37,346 - src.street_food_classifier - ERROR - Training error traceback:
Traceback (most recent call last):
  File "D:\Neural_Networks\Kaggle\street_food_classifier\src\street_food_classifier.py", line 195, in train
    self.training_history = self.trainer.train(
                            ^^^^^^^^^^^^^^^^^^
AttributeError: 'Trainer' object has no attribute 'train'

2025-05-31 20:04:50,078 - src.street_food_classifier - INFO - StreetFoodClassifier initialized
2025-05-31 20:04:50,078 - src.street_food_classifier - INFO - Device: cuda
2025-05-31 20:04:50,078 - src.street_food_classifier - INFO - Random seed: 42
2025-05-31 20:04:53,922 - src.street_food_classifier - INFO - Setting up data management...
2025-05-31 20:04:54,913 - src.street_food_classifier - INFO - Data setup completed:
2025-05-31 20:04:54,913 - src.street_food_classifier - INFO -   Classes: 20
2025-05-31 20:04:54,913 - src.street_food_classifier - INFO -   Training samples: 2939
2025-05-31 20:04:54,913 - src.street_food_classifier - INFO -   Validation samples: 735
2025-05-31 20:04:54,914 - src.street_food_classifier - INFO - Setting up model: resnet18
2025-05-31 20:04:55,079 - src.street_food_classifier - INFO - Model setup completed
2025-05-31 20:07:46,309 - src.street_food_classifier - INFO - Starting evaluation...
2025-05-31 20:07:46,309 - src.street_food_classifier - INFO - Running validation...
2025-05-31 20:08:01,199 - src.street_food_classifier - INFO - Evaluation completed
2025-05-31 20:08:01,199 - src.street_food_classifier - INFO - Validation Accuracy: 0.7959
2025-05-31 20:08:01,199 - src.street_food_classifier - INFO - Validation F1-Score: 0.7962
2025-05-31 20:08:01,199 - src.street_food_classifier - INFO - Creating evaluation visualizations...
2025-05-31 20:08:02,657 - src.street_food_classifier - INFO - Evaluation visualizations completed
